<?xml version="1.0" encoding="UTF-8"?>
<КоммерческаяИнформация ВерсияСхемы="2.021" ДатаФормирования="2025-09-02T18:24:19">
	<Классификатор>
		<Ид>80b38e5471465c21f233dad9a8d45ae5</Ид>
		<Наименование>Мебельные новости</Наименование>
		<Свойства>
			<Свойство>
				<Ид>CML2_ACTIVE</Ид>
				<Наименование>БитриксАктивность</Наименование>
				<Множественное>false</Множественное>
			</Свойство>
			<Свойство>
				<Ид>CML2_CODE</Ид>
				<Наименование>Символьный код</Наименование>
				<Множественное>false</Множественное>
			</Свойство>
			<Свойство>
				<Ид>CML2_SORT</Ид>
				<Наименование>Сортировка</Наименование>
				<Множественное>false</Множественное>
			</Свойство>
			<Свойство>
				<Ид>CML2_ACTIVE_FROM</Ид>
				<Наименование>Начало активности</Наименование>
				<Множественное>false</Множественное>
			</Свойство>
			<Свойство>
				<Ид>CML2_ACTIVE_TO</Ид>
				<Наименование>Окончание активности</Наименование>
				<Множественное>false</Множественное>
			</Свойство>
			<Свойство>
				<Ид>CML2_PREVIEW_TEXT</Ид>
				<Наименование>Анонс</Наименование>
				<Множественное>false</Множественное>
			</Свойство>
			<Свойство>
				<Ид>CML2_DETAIL_TEXT</Ид>
				<Наименование>Описание</Наименование>
				<Множественное>false</Множественное>
			</Свойство>
			<Свойство>
				<Ид>CML2_PREVIEW_PICTURE</Ид>
				<Наименование>Картинка анонса</Наименование>
				<Множественное>false</Множественное>
			</Свойство>
			<Свойство>
				<Ид>10</Ид>
				<Наименование>Показывать на главной</Наименование>
				<Множественное>false</Множественное>
				<ВариантыЗначений>
					<Значение>Y</Значение>
					<Вариант>
						<Ид>Y</Ид>
						<Значение>Y</Значение>
						<ПоУмолчанию>false</ПоУмолчанию>
						<Сортировка>500</Сортировка>
					</Вариант>
				</ВариантыЗначений>
				<БитриксСортировка>500</БитриксСортировка>
				<БитриксКод>MAIN_SHOW</БитриксКод>
				<БитриксТипСвойства>L</БитриксТипСвойства>
				<БитриксСтрок>1</БитриксСтрок>
				<БитриксКолонок>30</БитриксКолонок>
				<БитриксТипСписка>C</БитриксТипСписка>
				<БитриксТипыФайлов></БитриксТипыФайлов>
				<БитриксКоличествоПолей>5</БитриксКоличествоПолей>
				<БитриксСвязанныйИнфоблок></БитриксСвязанныйИнфоблок>
				<БитриксОписаниеРазрешено>false</БитриксОписаниеРазрешено>
				<БитриксПоискРазрешен>false</БитриксПоискРазрешен>
				<БитриксФильтрРазрешен>false</БитриксФильтрРазрешен>
				<БитриксРасширениеТипа></БитриксРасширениеТипа>
				<БитриксОбязательное>false</БитриксОбязательное>
				<БитриксЗначениеПоУмолчанию>s:0:&quot;&quot;;</БитриксЗначениеПоУмолчанию>
				<Сериализовано>1</Сериализовано>
				<БитриксРасширенныеПараметры>a:2:{i:0;a:3:{s:9:&quot;MODULE_ID&quot;;s:6:&quot;iblock&quot;;s:10:&quot;FEATURE_ID&quot;;s:16:&quot;DETAIL_PAGE_SHOW&quot;;s:10:&quot;IS_ENABLED&quot;;s:1:&quot;N&quot;;}i:1;a:3:{s:9:&quot;MODULE_ID&quot;;s:6:&quot;iblock&quot;;s:10:&quot;FEATURE_ID&quot;;s:14:&quot;LIST_PAGE_SHOW&quot;;s:10:&quot;IS_ENABLED&quot;;s:1:&quot;N&quot;;}}</БитриксРасширенныеПараметры>
			</Свойство>
		</Свойства>
		<СвойстваЭлементов>
			<Свойство>
				<Ид>10</Ид>
				<УмныйФильтр>false</УмныйФильтр>
				<ТипОтображения>F</ТипОтображения>
				<ПоказатьРазвёрнутым>false</ПоказатьРазвёрнутым>
				<Подсказка></Подсказка>
			</Свойство>
		</СвойстваЭлементов>
		<Группы>
		</Группы>
	</Классификатор>
	<Каталог>
		<Ид>80b38e5471465c21f233dad9a8d45ae5</Ид>
		<ИдКлассификатора>80b38e5471465c21f233dad9a8d45ae5</ИдКлассификатора>
		<Наименование>Мебельные новости</Наименование>
		<БитриксКод></БитриксКод>
		<БитриксСимвольныйКодAPI></БитриксСимвольныйКодAPI>
		<БитриксСортировка>500</БитриксСортировка>
		<БитриксURLСписок>#SITE_DIR#/news/index.php?ID=#IBLOCK_ID#</БитриксURLСписок>
		<БитриксURLДеталь>#SITE_DIR#/news/detail.php?ID=#ELEMENT_ID#</БитриксURLДеталь>
		<БитриксURLРаздел></БитриксURLРаздел>
		<БитриксURLКанонический></БитриксURLКанонический>
		<БитриксКартинка></БитриксКартинка>
		<БитриксИндексироватьЭлементы>true</БитриксИндексироватьЭлементы>
		<БитриксИндексироватьРазделы>false</БитриксИндексироватьРазделы>
		<БитриксДокументооборот>false</БитриксДокументооборот>
		<БитриксПодписи>
			<БитриксПодпись>
				<Ид>ELEMENT_NAME</Ид>
				<Значение>Элемент</Значение>
			</БитриксПодпись>
			<БитриксПодпись>
				<Ид>ELEMENTS_NAME</Ид>
				<Значение>Элементы</Значение>
			</БитриксПодпись>
			<БитриксПодпись>
				<Ид>ELEMENT_ADD</Ид>
				<Значение>Добавить элемент</Значение>
			</БитриксПодпись>
			<БитриксПодпись>
				<Ид>ELEMENT_EDIT</Ид>
				<Значение>Изменить элемент</Значение>
			</БитриксПодпись>
			<БитриксПодпись>
				<Ид>ELEMENT_DELETE</Ид>
				<Значение>Удалить элемент</Значение>
			</БитриксПодпись>
			<БитриксПодпись>
				<Ид>SECTION_NAME</Ид>
				<Значение>Раздел</Значение>
			</БитриксПодпись>
			<БитриксПодпись>
				<Ид>SECTIONS_NAME</Ид>
				<Значение>Разделы</Значение>
			</БитриксПодпись>
			<БитриксПодпись>
				<Ид>SECTION_ADD</Ид>
				<Значение>Добавить раздел</Значение>
			</БитриксПодпись>
			<БитриксПодпись>
				<Ид>SECTION_EDIT</Ид>
				<Значение>Изменить раздел</Значение>
			</БитриксПодпись>
			<БитриксПодпись>
				<Ид>SECTION_DELETE</Ид>
				<Значение>Удалить раздел</Значение>
			</БитриксПодпись>
		</БитриксПодписи>
		<Товары>
			<Товар>
				<Ид>33</Ид>
				<Наименование>Угловой диван</Наименование>
				<БитриксТеги></БитриксТеги>
				<Группы>
				</Группы>
				<Картинка></Картинка>
				<ЗначенияСвойств>
					<ЗначенияСвойства>
						<Ид>CML2_ACTIVE</Ид>
						<Значение>true</Значение>
					</ЗначенияСвойства>
					<ЗначенияСвойства>
						<Ид>CML2_CODE</Ид>
						<Значение>uglovoy-divan</Значение>
					</ЗначенияСвойства>
					<ЗначенияСвойства>
						<Ид>CML2_SORT</Ид>
						<Значение>500</Значение>
					</ЗначенияСвойства>
					<ЗначенияСвойства>
						<Ид>CML2_ACTIVE_FROM</Ид>
						<Значение></Значение>
					</ЗначенияСвойства>
					<ЗначенияСвойства>
						<Ид>CML2_ACTIVE_TO</Ид>
						<Значение></Значение>
					</ЗначенияСвойства>
					<ЗначенияСвойства>
						<Ид>CML2_PREVIEW_TEXT</Ид>
						<Значение>Угловой диван &quot;Титаник&quot;, с большим выбором расцветок и фактур.</Значение>
						<Тип>text</Тип>
					</ЗначенияСвойства>
					<ЗначенияСвойства>
						<Ид>CML2_DETAIL_TEXT</Ид>
						<Значение></Значение>
						<Тип>text</Тип>
					</ЗначенияСвойства>
					<ЗначенияСвойства>
						<Ид>CML2_PREVIEW_PICTURE</Ид>
						<Значение>test-export2_files/iblock/887/vmnau2shz5r1hja04e3nfcynyz27hg56.jpg</Значение>
					</ЗначенияСвойства>
					<ЗначенияСвойства>
						<Ид>10</Ид>
						<Значение></Значение>
					</ЗначенияСвойства>
				</ЗначенияСвойств>
			</Товар>
			<Товар>
				<Ид>34</Ид>
				<Наименование>Прямой диван</Наименование>
				<БитриксТеги></БитриксТеги>
				<Группы>
				</Группы>
				<Картинка></Картинка>
				<ЗначенияСвойств>
					<ЗначенияСвойства>
						<Ид>CML2_ACTIVE</Ид>
						<Значение>true</Значение>
					</ЗначенияСвойства>
					<ЗначенияСвойства>
						<Ид>CML2_CODE</Ид>
						<Значение>pryamoy-divan</Значение>
					</ЗначенияСвойства>
					<ЗначенияСвойства>
						<Ид>CML2_SORT</Ид>
						<Значение>20</Значение>
					</ЗначенияСвойства>
					<ЗначенияСвойства>
						<Ид>CML2_ACTIVE_FROM</Ид>
						<Значение></Значение>
					</ЗначенияСвойства>
					<ЗначенияСвойства>
						<Ид>CML2_ACTIVE_TO</Ид>
						<Значение></Значение>
					</ЗначенияСвойства>
					<ЗначенияСвойства>
						<Ид>CML2_PREVIEW_TEXT</Ид>
						<Значение>Угловой диван &quot;Титаник&quot;, с большим выбором расцветок и фактур.</Значение>
						<Тип>text</Тип>
					</ЗначенияСвойства>
					<ЗначенияСвойства>
						<Ид>CML2_DETAIL_TEXT</Ид>
						<Значение></Значение>
						<Тип>text</Тип>
					</ЗначенияСвойства>
					<ЗначенияСвойства>
						<Ид>CML2_PREVIEW_PICTURE</Ид>
						<Значение>test-export2_files/iblock/d4f/trguwgzkl8ge3ixa3wy8viez9ej4o0pj.jpg</Значение>
					</ЗначенияСвойства>
					<ЗначенияСвойства>
						<Ид>10</Ид>
						<Значение></Значение>
					</ЗначенияСвойства>
				</ЗначенияСвойств>
			</Товар>
			<Товар>
				<Ид>35</Ид>
				<Наименование>Круглый диван</Наименование>
				<БитриксТеги></БитриксТеги>
				<Группы>
				</Группы>
				<Картинка></Картинка>
				<ЗначенияСвойств>
					<ЗначенияСвойства>
						<Ид>CML2_ACTIVE</Ид>
						<Значение>true</Значение>
					</ЗначенияСвойства>
					<ЗначенияСвойства>
						<Ид>CML2_CODE</Ид>
						<Значение>kruglyy-divan</Значение>
					</ЗначенияСвойства>
					<ЗначенияСвойства>
						<Ид>CML2_SORT</Ид>
						<Значение>30</Значение>
					</ЗначенияСвойства>
					<ЗначенияСвойства>
						<Ид>CML2_ACTIVE_FROM</Ид>
						<Значение></Значение>
					</ЗначенияСвойства>
					<ЗначенияСвойства>
						<Ид>CML2_ACTIVE_TO</Ид>
						<Значение></Значение>
					</ЗначенияСвойства>
					<ЗначенияСвойства>
						<Ид>CML2_PREVIEW_TEXT</Ид>
						<Значение>Угловой диван &quot;Титаник&quot;, с большим выбором расцветок и фактур.</Значение>
						<Тип>text</Тип>
					</ЗначенияСвойства>
					<ЗначенияСвойства>
						<Ид>CML2_DETAIL_TEXT</Ид>
						<Значение></Значение>
						<Тип>text</Тип>
					</ЗначенияСвойства>
					<ЗначенияСвойства>
						<Ид>CML2_PREVIEW_PICTURE</Ид>
						<Значение>test-export2_files/iblock/aca/vs2lahg1ote7cvdcd3rulauxghegutvs.jpg</Значение>
					</ЗначенияСвойства>
					<ЗначенияСвойства>
						<Ид>10</Ид>
						<Значение>Y</Значение>
						<ЗначениеСвойства>
							<Значение>Y</Значение>
							<Описание></Описание>
						</ЗначениеСвойства>
					</ЗначенияСвойства>
				</ЗначенияСвойств>
			</Товар>
		</Товары>
	</Каталог>
</КоммерческаяИнформация>
